2022/6/10 16:36:42 Connect Error!
2022/6/10 16:36:56 Connect Error!
2022/6/10 16:37:10 Connecting to server...
2022/6/10 16:37:10 Connected
2022/6/10 16:37:22 Connecting to server...
2022/6/10 16:37:22 Connected
2022/6/10 16:37:23 Connecting to server...
2022/6/10 16:37:23 Connected
Public,Hi to ALL
Public,Hi to ALL
2022/6/10 16:37:30 Disconnect
Private,Hi to Client 3
2022/6/10 16:37:41 Connecting to server...
2022/6/10 16:37:41 Nickname has been used!
2022/6/10 16:37:45 Disconnect
2022/6/10 16:37:45 Disconnect
2022/6/10 16:38:25 Connecting to server...
2022/6/10 16:38:25 Connected
2022/6/10 16:38:28 Connecting to server...
2022/6/10 16:38:28 Connected
2022/6/10 16:38:32 Connecting to server...
2022/6/10 16:38:32 Connected
Private,Hi to Client1
Private,Hi to Client1
Public,Hi to All
Public,Hi to All
Public,Hi to All
2022/6/10 16:38:54 Disconnect
2022/6/10 16:38:59 Disconnect
2022/6/10 16:39:00 Disconnect
