c:\users\xyu20\desktop\directx\chapter 3\d3dinit\d3dinit\debug\vc142.pdb
c:\users\xyu20\desktop\directx\chapter 3\d3dinit\d3dinit\debug\vc142.idb
c:\users\xyu20\desktop\directx\chapter 3\d3dinit\d3dinit\debug\myd3d.obj
c:\users\xyu20\desktop\directx\chapter 3\d3dinit\d3dinit\debug\d3dut.obj
c:\users\xyu20\desktop\directx\chapter 3\d3dinit\d3dinit\debug\d3dinit.obj
c:\users\xyu20\desktop\coding\2021a\directx\exp_2\d3dinit\d3dinit\debug\vc142.pdb
c:\users\xyu20\desktop\coding\2021a\directx\exp_2\d3dinit\d3dinit\debug\vc142.idb
c:\users\xyu20\desktop\coding\2021a\directx\exp_2\d3dinit\d3dinit\debug\planet.obj
c:\users\xyu20\desktop\coding\2021a\directx\exp_2\d3dinit\d3dinit\debug\myd3d.obj
c:\users\xyu20\desktop\coding\2021a\directx\exp_2\d3dinit\d3dinit\debug\d3dut.obj
c:\users\xyu20\desktop\coding\2021a\directx\exp_2\d3dinit\d3dinit\debug\d3dinit.obj
c:\users\xyu20\desktop\directx\chapter 3\d3dinit\d3dinit\debug\d3dinit.ilk
c:\users\xyu20\desktop\directx\chapter 3\d3dinit\debug\d3dinit.exe
c:\users\xyu20\desktop\directx\chapter 3\d3dinit\debug\d3dinit.pdb
c:\users\xyu20\desktop\coding\2021a\directx\exp_2\d3dinit\debug\d3dinit.exe
c:\users\xyu20\desktop\coding\2021a\directx\exp_2\d3dinit\d3dinit\debug\d3dinit.ilk
c:\users\xyu20\desktop\coding\2021a\directx\exp_2\d3dinit\debug\d3dinit.pdb
c:\users\xyu20\desktop\coding\2021a\directx\exp_2\d3dinit\d3dinit\debug\myd3d.obj.enc
c:\users\xyu20\desktop\coding\2021a\directx\exp_2\d3dinit\d3dinit\debug\d3dinit.tlog\cl.command.1.tlog
c:\users\xyu20\desktop\coding\2021a\directx\exp_2\d3dinit\d3dinit\debug\d3dinit.tlog\cl.read.1.tlog
c:\users\xyu20\desktop\coding\2021a\directx\exp_2\d3dinit\d3dinit\debug\d3dinit.tlog\cl.write.1.tlog
c:\users\xyu20\desktop\coding\2021a\directx\exp_2\d3dinit\d3dinit\debug\d3dinit.tlog\link.command.1.tlog
c:\users\xyu20\desktop\coding\2021a\directx\exp_2\d3dinit\d3dinit\debug\d3dinit.tlog\link.read.1.tlog
c:\users\xyu20\desktop\coding\2021a\directx\exp_2\d3dinit\d3dinit\debug\d3dinit.tlog\link.write.1.tlog
