c:\users\xyu20\desktop\directx\chapter 7\lighting\lighting\debug\vc142.pdb
c:\users\xyu20\desktop\directx\chapter 7\lighting\lighting\debug\vc142.idb
c:\users\xyu20\desktop\directx\chapter 7\lighting\lighting\debug\object_matrial.obj
c:\users\xyu20\desktop\directx\chapter 7\lighting\lighting\debug\myd3d.obj
c:\users\xyu20\desktop\directx\chapter 7\lighting\lighting\debug\main.obj
c:\users\xyu20\desktop\directx\chapter 7\lighting\lighting\debug\light.obj
c:\users\xyu20\desktop\directx\chapter 7\lighting\lighting\debug\d3dut.obj
c:\users\xyu20\desktop\directx\chapter 7\lighting\lighting\debug\d3dobject.obj
c:\users\xyu20\desktop\coding\2021a\directx\exp_5\lighting\debug\vc142.pdb
c:\users\xyu20\desktop\coding\2021a\directx\exp_5\lighting\debug\vc142.idb
c:\users\xyu20\desktop\coding\2021a\directx\exp_5\lighting\debug\object_matrial.obj
c:\users\xyu20\desktop\coding\2021a\directx\exp_5\lighting\debug\myd3d.obj
c:\users\xyu20\desktop\coding\2021a\directx\exp_5\lighting\debug\main.obj
c:\users\xyu20\desktop\coding\2021a\directx\exp_5\lighting\debug\light.obj
c:\users\xyu20\desktop\coding\2021a\directx\exp_5\lighting\debug\d3dut.obj
c:\users\xyu20\desktop\coding\2021a\directx\exp_5\lighting\debug\d3dobject.obj
c:\users\xyu20\desktop\directx\chapter 7\lighting\lighting\debug\lighting.ilk
c:\users\xyu20\desktop\directx\chapter 7\lighting\debug\lighting.exe
c:\users\xyu20\desktop\directx\chapter 7\lighting\debug\lighting.pdb
c:\users\xyu20\desktop\coding\2021a\directx\exp_5\debug\lighting.exe
c:\users\xyu20\desktop\coding\2021a\directx\exp_5\lighting\debug\lighting.ilk
c:\users\xyu20\desktop\coding\2021a\directx\exp_5\debug\lighting.pdb
c:\users\xyu20\desktop\coding\2021a\directx\exp_5\lighting\debug\lighting.tlog\cl.command.1.tlog
c:\users\xyu20\desktop\coding\2021a\directx\exp_5\lighting\debug\lighting.tlog\cl.read.1.tlog
c:\users\xyu20\desktop\coding\2021a\directx\exp_5\lighting\debug\lighting.tlog\cl.write.1.tlog
c:\users\xyu20\desktop\coding\2021a\directx\exp_5\lighting\debug\lighting.tlog\link.command.1.tlog
c:\users\xyu20\desktop\coding\2021a\directx\exp_5\lighting\debug\lighting.tlog\link.read.1.tlog
c:\users\xyu20\desktop\coding\2021a\directx\exp_5\lighting\debug\lighting.tlog\link.write.1.tlog
